0 info it worked if it ends with ok
1 verbose cli [ 'node', '/usr/local/bin/npm', 'publish' ]
2 info using npm@1.2.21
3 info using node@v0.10.7
4 verbose publish [ '.' ]
5 verbose read json /Users/savenok/Public/Drop Box/js/proto/grunt-custom-plugins/grunt-autocreationtests/package.json
6 verbose cache add [ '.', null ]
7 verbose cache add name=undefined spec="." args=[".",null]
8 verbose parsed url { protocol: null,
8 verbose parsed url   slashes: null,
8 verbose parsed url   auth: null,
8 verbose parsed url   host: null,
8 verbose parsed url   port: null,
8 verbose parsed url   hostname: null,
8 verbose parsed url   hash: null,
8 verbose parsed url   search: null,
8 verbose parsed url   query: null,
8 verbose parsed url   pathname: '.',
8 verbose parsed url   path: '.',
8 verbose parsed url   href: '.' }
9 silly lockFile 3a52ce78- .
10 verbose lock . /Users/savenok/.npm/3a52ce78-.lock
11 verbose read json package.json
12 verbose tar pack [ '/var/folders/rf/fq6r4mkx01734nq5x3vgm9l80000gn/T/npm-28153/1369660161916-0.5876055310945958/tmp.tgz',
12 verbose tar pack   '.' ]
13 verbose tarball /var/folders/rf/fq6r4mkx01734nq5x3vgm9l80000gn/T/npm-28153/1369660161916-0.5876055310945958/tmp.tgz
14 verbose folder .
15 info prepublish grunt-autocreationtests@0.0.2
16 silly lockFile 3a52ce78- .
17 verbose lock . /Users/savenok/.npm/3a52ce78-.lock
18 silly lockFile cd20088c-61916-0-5876055310945958-tmp-tgz /var/folders/rf/fq6r4mkx01734nq5x3vgm9l80000gn/T/npm-28153/1369660161916-0.5876055310945958/tmp.tgz
19 verbose lock /var/folders/rf/fq6r4mkx01734nq5x3vgm9l80000gn/T/npm-28153/1369660161916-0.5876055310945958/tmp.tgz /Users/savenok/.npm/cd20088c-61916-0-5876055310945958-tmp-tgz.lock
20 silly lockFile 3a52ce78- .
21 silly lockFile 3a52ce78- .
22 silly lockFile cd20088c-61916-0-5876055310945958-tmp-tgz /var/folders/rf/fq6r4mkx01734nq5x3vgm9l80000gn/T/npm-28153/1369660161916-0.5876055310945958/tmp.tgz
23 silly lockFile cd20088c-61916-0-5876055310945958-tmp-tgz /var/folders/rf/fq6r4mkx01734nq5x3vgm9l80000gn/T/npm-28153/1369660161916-0.5876055310945958/tmp.tgz
24 verbose tar unpack /var/folders/rf/fq6r4mkx01734nq5x3vgm9l80000gn/T/npm-28153/1369660161916-0.5876055310945958/tmp.tgz
25 silly lockFile 0305dde6-61916-0-5876055310945958-package /var/folders/rf/fq6r4mkx01734nq5x3vgm9l80000gn/T/npm-28153/1369660161916-0.5876055310945958/package
26 verbose lock /var/folders/rf/fq6r4mkx01734nq5x3vgm9l80000gn/T/npm-28153/1369660161916-0.5876055310945958/package /Users/savenok/.npm/0305dde6-61916-0-5876055310945958-package.lock
27 silly lockFile cd20088c-61916-0-5876055310945958-tmp-tgz /var/folders/rf/fq6r4mkx01734nq5x3vgm9l80000gn/T/npm-28153/1369660161916-0.5876055310945958/tmp.tgz
28 verbose lock /var/folders/rf/fq6r4mkx01734nq5x3vgm9l80000gn/T/npm-28153/1369660161916-0.5876055310945958/tmp.tgz /Users/savenok/.npm/cd20088c-61916-0-5876055310945958-tmp-tgz.lock
29 silly gunzTarPerm modes [ '755', '644' ]
30 silly gunzTarPerm extractEntry package.json
31 silly gunzTarPerm extractEntry .npmignore
32 silly gunzTarPerm extractEntry README.md
33 silly gunzTarPerm extractEntry Gruntfile.js
34 silly gunzTarPerm extractEntry test.js
35 silly gunzTarPerm extractEntry app/css/app.css
36 silly gunzTarPerm extractEntry app/index.builded.html
37 silly gunzTarPerm extractEntry app/index.html
38 silly gunzTarPerm extractEntry app/scripts/app.js
39 silly gunzTarPerm extractEntry app/scripts/main.js
40 silly gunzTarPerm extractEntry app/scripts/templates.js
41 silly gunzTarPerm extractEntry app/scripts/vent.js
42 silly gunzTarPerm extractEntry app/scripts/mixins/widgets.js
43 silly gunzTarPerm extractEntry app/scripts/models/todo.js
44 silly gunzTarPerm extractEntry app/scripts/collections/todocollection.js
45 silly gunzTarPerm extractEntry app/scripts/helpers/Handlebars.helpers.js
46 silly gunzTarPerm extractEntry app/scripts/helpers/widget.js
47 silly gunzTarPerm extractEntry app/scripts/ui.components/calendar/routeChooser.js
48 silly gunzTarPerm extractEntry app/scripts/ui.components/combobox/combobox.js
49 silly gunzTarPerm extractEntry app/scripts/ui.components/combobox/settings.js
50 silly gunzTarPerm extractEntry app/scripts/ui.components/combobox/views/combobox.js
51 silly gunzTarPerm extractEntry app/scripts/ui.components/combobox/views/dropdownlistview.js
52 silly gunzTarPerm extractEntry app/scripts/ui.components/combobox/views/inputview.js
53 silly gunzTarPerm extractEntry app/scripts/vendors/backbone.babysitter.js
54 silly gunzTarPerm extractEntry app/scripts/vendors/backbone.js
55 silly gunzTarPerm extractEntry app/scripts/vendors/backbone.marionette.js
56 silly gunzTarPerm extractEntry app/scripts/vendors/backbone.wreqr.js
57 silly gunzTarPerm extractEntry app/scripts/vendors/handlebars.js
58 silly gunzTarPerm extractEntry app/scripts/vendors/backbone.eventbinder.js
59 silly gunzTarPerm extractEntry app/scripts/vendors/i18n.js
60 silly gunzTarPerm extractEntry app/scripts/vendors/jquery.min.js
61 silly gunzTarPerm extractEntry app/scripts/vendors/require.js
62 silly gunzTarPerm extractEntry app/scripts/vendors/tpl.js
63 silly gunzTarPerm extractEntry app/scripts/vendors/underscore.js
64 silly gunzTarPerm extractEntry app/scripts/vendors/hbars.js
65 silly gunzTarPerm extractEntry app/scripts/vendors/requirejs-text/text.js
66 silly gunzTarPerm extractEntry app/scripts/views/extendedTemplateParamsView.js
67 silly gunzTarPerm extractEntry app/scripts/views/structureView.js
68 silly gunzTarPerm extractEntry app/scripts/nls/general.js
69 silly gunzTarPerm extractEntry app/scripts/nls/fr/general.js
70 silly gunzTarPerm extractEntry app/scripts/nls/ru/general.js
71 silly gunzTarPerm extractEntry app/styles/css/app.css
72 silly gunzTarPerm extractEntry app/styles/less/app.less
73 silly gunzTarPerm extractEntry app/styles/less/block/block2.css
74 silly gunzTarPerm extractEntry app/styles/less/block/block3 copy.css
75 silly gunzTarPerm extractEntry app/styles/less/block/block3.css
76 silly gunzTarPerm extractEntry app/styles/less/block/block4.css
77 silly gunzTarPerm extractEntry app/styles/less/block/block5.css
78 silly gunzTarPerm extractEntry app/styles/less/block/message.css
79 silly gunzTarPerm extractEntry app/styles/less/components/calendar.less
80 silly gunzTarPerm extractEntry app/styles/less/components/routechooser.less
81 silly gunzTarPerm extractEntry app/styles/less/ui.components/combobox/dropdownlist.css
82 silly gunzTarPerm extractEntry app/templates/block/block1.html
83 silly gunzTarPerm extractEntry app/templates/block/block2.html
84 silly gunzTarPerm extractEntry app/templates/block/block3.html
85 silly gunzTarPerm extractEntry app/templates/block/block4.html
86 silly gunzTarPerm extractEntry app/templates/block/block5.html
87 silly gunzTarPerm extractEntry app/templates/message.html
88 silly gunzTarPerm extractEntry app/templates/structure.html
89 silly gunzTarPerm extractEntry app/templates/ui.components/calendar/routeChooser.html
90 silly gunzTarPerm extractEntry app/templates/ui.components/combobox/dropdownlist.html
91 silly gunzTarPerm extractEntry app/templates/ui.components/combobox/input.html
92 silly gunzTarPerm extractEntry app/templates/ui.components/combobox/template.html
93 silly gunzTarPerm extractEntry lib/esmorph.js
94 silly gunzTarPerm extractEntry parseresult.json
95 silly gunzTarPerm extractEntry tasks/autocreationtests.js
96 silly gunzTarPerm extractEntry tasks/parsejs.js
97 silly gunzTarPerm extractEntry tasks/parsejsesmorph.js
98 silly gunzTarPerm extractEntry test/SpecRunner.js
99 silly gunzTarPerm extractEntry test/index.html
100 silly gunzTarPerm extractEntry test/lib/backbone.babysitter.js
101 silly gunzTarPerm extractEntry test/lib/backbone.marionette.js
102 silly gunzTarPerm extractEntry test/lib/backbone.wreqr.js
103 silly gunzTarPerm extractEntry test/lib/i18n.js
104 silly gunzTarPerm extractEntry test/lib/backbone.js
105 silly gunzTarPerm extractEntry test/lib/backbone.eventbinder.js
106 silly gunzTarPerm extractEntry test/lib/jasmine.js
107 silly gunzTarPerm extractEntry test/lib/jquery.min.js
108 silly gunzTarPerm extractEntry test/lib/require.js
109 silly gunzTarPerm extractEntry test/lib/run-jasmine.js
110 silly gunzTarPerm extractEntry test/lib/jasmine-html.js
111 silly gunzTarPerm extractEntry test/lib/underscore.js
112 silly gunzTarPerm extractEntry test/lib/requirejs-text/text.js
113 silly gunzTarPerm extractEntry test/lib/jasmine.css
114 silly gunzTarPerm extractEntry test/spec/index.js
115 silly gunzTarPerm extractEntry test/spec/app/app.js
116 silly gunzTarPerm extractEntry test/spec/collections/col_spec.js
117 silly gunzTarPerm extractEntry test/spec/models/todo_spec.js
118 silly gunzTarPerm extractEntry tools/generate-test-fixture.js
119 silly gunzTarPerm extractEntry tools/list-complexity.js
120 silly gunzTarPerm extractEntry tools/generate-unicode-regex.py
121 silly gunzTarPerm extractEntry tools/update-coverage.sh
122 verbose read json /var/folders/rf/fq6r4mkx01734nq5x3vgm9l80000gn/T/npm-28153/1369660161916-0.5876055310945958/package/package.json
123 silly lockFile 0305dde6-61916-0-5876055310945958-package /var/folders/rf/fq6r4mkx01734nq5x3vgm9l80000gn/T/npm-28153/1369660161916-0.5876055310945958/package
124 silly lockFile 0305dde6-61916-0-5876055310945958-package /var/folders/rf/fq6r4mkx01734nq5x3vgm9l80000gn/T/npm-28153/1369660161916-0.5876055310945958/package
125 silly lockFile cd20088c-61916-0-5876055310945958-tmp-tgz /var/folders/rf/fq6r4mkx01734nq5x3vgm9l80000gn/T/npm-28153/1369660161916-0.5876055310945958/tmp.tgz
126 silly lockFile cd20088c-61916-0-5876055310945958-tmp-tgz /var/folders/rf/fq6r4mkx01734nq5x3vgm9l80000gn/T/npm-28153/1369660161916-0.5876055310945958/tmp.tgz
127 verbose from cache /var/folders/rf/fq6r4mkx01734nq5x3vgm9l80000gn/T/npm-28153/1369660161916-0.5876055310945958/package/package.json
128 verbose tar pack [ '/Users/savenok/.npm/grunt-autocreationtests/0.0.2/package.tgz',
128 verbose tar pack   '/var/folders/rf/fq6r4mkx01734nq5x3vgm9l80000gn/T/npm-28153/1369660161916-0.5876055310945958/package' ]
129 verbose tarball /Users/savenok/.npm/grunt-autocreationtests/0.0.2/package.tgz
130 verbose folder /var/folders/rf/fq6r4mkx01734nq5x3vgm9l80000gn/T/npm-28153/1369660161916-0.5876055310945958/package
131 silly lockFile 0305dde6-61916-0-5876055310945958-package /var/folders/rf/fq6r4mkx01734nq5x3vgm9l80000gn/T/npm-28153/1369660161916-0.5876055310945958/package
132 verbose lock /var/folders/rf/fq6r4mkx01734nq5x3vgm9l80000gn/T/npm-28153/1369660161916-0.5876055310945958/package /Users/savenok/.npm/0305dde6-61916-0-5876055310945958-package.lock
133 silly lockFile 6c936bae-ocreationtests-0-0-2-package-tgz /Users/savenok/.npm/grunt-autocreationtests/0.0.2/package.tgz
134 verbose lock /Users/savenok/.npm/grunt-autocreationtests/0.0.2/package.tgz /Users/savenok/.npm/6c936bae-ocreationtests-0-0-2-package-tgz.lock
135 silly lockFile 0305dde6-61916-0-5876055310945958-package /var/folders/rf/fq6r4mkx01734nq5x3vgm9l80000gn/T/npm-28153/1369660161916-0.5876055310945958/package
136 silly lockFile 0305dde6-61916-0-5876055310945958-package /var/folders/rf/fq6r4mkx01734nq5x3vgm9l80000gn/T/npm-28153/1369660161916-0.5876055310945958/package
137 silly lockFile 6c936bae-ocreationtests-0-0-2-package-tgz /Users/savenok/.npm/grunt-autocreationtests/0.0.2/package.tgz
138 silly lockFile 6c936bae-ocreationtests-0-0-2-package-tgz /Users/savenok/.npm/grunt-autocreationtests/0.0.2/package.tgz
139 silly lockFile dd7bd3de--autocreationtests-0-0-2-package /Users/savenok/.npm/grunt-autocreationtests/0.0.2/package
140 verbose lock /Users/savenok/.npm/grunt-autocreationtests/0.0.2/package /Users/savenok/.npm/dd7bd3de--autocreationtests-0-0-2-package.lock
141 silly lockFile dd7bd3de--autocreationtests-0-0-2-package /Users/savenok/.npm/grunt-autocreationtests/0.0.2/package
142 silly lockFile dd7bd3de--autocreationtests-0-0-2-package /Users/savenok/.npm/grunt-autocreationtests/0.0.2/package
143 verbose tar unpack /Users/savenok/.npm/grunt-autocreationtests/0.0.2/package.tgz
144 silly lockFile dd7bd3de--autocreationtests-0-0-2-package /Users/savenok/.npm/grunt-autocreationtests/0.0.2/package
145 verbose lock /Users/savenok/.npm/grunt-autocreationtests/0.0.2/package /Users/savenok/.npm/dd7bd3de--autocreationtests-0-0-2-package.lock
146 silly lockFile 6c936bae-ocreationtests-0-0-2-package-tgz /Users/savenok/.npm/grunt-autocreationtests/0.0.2/package.tgz
147 verbose lock /Users/savenok/.npm/grunt-autocreationtests/0.0.2/package.tgz /Users/savenok/.npm/6c936bae-ocreationtests-0-0-2-package-tgz.lock
148 silly gunzTarPerm modes [ '755', '644' ]
149 silly gunzTarPerm extractEntry package.json
150 silly gunzTarPerm extractEntry .npmignore
151 silly gunzTarPerm extractEntry README.md
152 silly gunzTarPerm extractEntry Gruntfile.js
153 silly gunzTarPerm extractEntry test.js
154 silly gunzTarPerm extractEntry app/css/app.css
155 silly gunzTarPerm extractEntry app/index.builded.html
156 silly gunzTarPerm extractEntry app/index.html
157 silly gunzTarPerm extractEntry app/scripts/app.js
158 silly gunzTarPerm extractEntry app/scripts/main.js
159 silly gunzTarPerm extractEntry app/scripts/templates.js
160 silly gunzTarPerm extractEntry app/scripts/vent.js
161 silly gunzTarPerm extractEntry app/scripts/mixins/widgets.js
162 silly gunzTarPerm extractEntry app/scripts/models/todo.js
163 silly gunzTarPerm extractEntry app/scripts/collections/todocollection.js
164 silly gunzTarPerm extractEntry app/scripts/helpers/Handlebars.helpers.js
165 silly gunzTarPerm extractEntry app/scripts/helpers/widget.js
166 silly gunzTarPerm extractEntry app/scripts/ui.components/calendar/routeChooser.js
167 silly gunzTarPerm extractEntry app/scripts/ui.components/combobox/combobox.js
168 silly gunzTarPerm extractEntry app/scripts/ui.components/combobox/settings.js
169 silly gunzTarPerm extractEntry app/scripts/ui.components/combobox/views/combobox.js
170 silly gunzTarPerm extractEntry app/scripts/ui.components/combobox/views/dropdownlistview.js
171 silly gunzTarPerm extractEntry app/scripts/ui.components/combobox/views/inputview.js
172 silly gunzTarPerm extractEntry app/scripts/vendors/backbone.babysitter.js
173 silly gunzTarPerm extractEntry app/scripts/vendors/backbone.js
174 silly gunzTarPerm extractEntry app/scripts/vendors/backbone.marionette.js
175 silly gunzTarPerm extractEntry app/scripts/vendors/backbone.wreqr.js
176 silly gunzTarPerm extractEntry app/scripts/vendors/handlebars.js
177 silly gunzTarPerm extractEntry app/scripts/vendors/backbone.eventbinder.js
178 silly gunzTarPerm extractEntry app/scripts/vendors/i18n.js
179 silly gunzTarPerm extractEntry app/scripts/vendors/jquery.min.js
180 silly gunzTarPerm extractEntry app/scripts/vendors/require.js
181 silly gunzTarPerm extractEntry app/scripts/vendors/tpl.js
182 silly gunzTarPerm extractEntry app/scripts/vendors/underscore.js
183 silly gunzTarPerm extractEntry app/scripts/vendors/hbars.js
184 silly gunzTarPerm extractEntry app/scripts/vendors/requirejs-text/text.js
185 silly gunzTarPerm extractEntry app/scripts/views/extendedTemplateParamsView.js
186 silly gunzTarPerm extractEntry app/scripts/views/structureView.js
187 silly gunzTarPerm extractEntry app/scripts/nls/general.js
188 silly gunzTarPerm extractEntry app/scripts/nls/fr/general.js
189 silly gunzTarPerm extractEntry app/scripts/nls/ru/general.js
190 silly gunzTarPerm extractEntry app/styles/css/app.css
191 silly gunzTarPerm extractEntry app/styles/less/app.less
192 silly gunzTarPerm extractEntry app/styles/less/block/block2.css
193 silly gunzTarPerm extractEntry app/styles/less/block/block3 copy.css
194 silly gunzTarPerm extractEntry app/styles/less/block/block3.css
195 silly gunzTarPerm extractEntry app/styles/less/block/block4.css
196 silly gunzTarPerm extractEntry app/styles/less/block/block5.css
197 silly gunzTarPerm extractEntry app/styles/less/block/message.css
198 silly gunzTarPerm extractEntry app/styles/less/components/calendar.less
199 silly gunzTarPerm extractEntry app/styles/less/components/routechooser.less
200 silly gunzTarPerm extractEntry app/styles/less/ui.components/combobox/dropdownlist.css
201 silly gunzTarPerm extractEntry app/templates/block/block1.html
202 silly gunzTarPerm extractEntry app/templates/block/block2.html
203 silly gunzTarPerm extractEntry app/templates/block/block3.html
204 silly gunzTarPerm extractEntry app/templates/block/block4.html
205 silly gunzTarPerm extractEntry app/templates/block/block5.html
206 silly gunzTarPerm extractEntry app/templates/message.html
207 silly gunzTarPerm extractEntry app/templates/structure.html
208 silly gunzTarPerm extractEntry app/templates/ui.components/calendar/routeChooser.html
209 silly gunzTarPerm extractEntry app/templates/ui.components/combobox/dropdownlist.html
210 silly gunzTarPerm extractEntry app/templates/ui.components/combobox/input.html
211 silly gunzTarPerm extractEntry app/templates/ui.components/combobox/template.html
212 silly gunzTarPerm extractEntry lib/esmorph.js
213 silly gunzTarPerm extractEntry parseresult.json
214 silly gunzTarPerm extractEntry tasks/autocreationtests.js
215 silly gunzTarPerm extractEntry tasks/parsejs.js
216 silly gunzTarPerm extractEntry tasks/parsejsesmorph.js
217 silly gunzTarPerm extractEntry test/SpecRunner.js
218 silly gunzTarPerm extractEntry test/index.html
219 silly gunzTarPerm extractEntry test/lib/backbone.babysitter.js
220 silly gunzTarPerm extractEntry test/lib/backbone.marionette.js
221 silly gunzTarPerm extractEntry test/lib/backbone.wreqr.js
222 silly gunzTarPerm extractEntry test/lib/i18n.js
223 silly gunzTarPerm extractEntry test/lib/backbone.js
224 silly gunzTarPerm extractEntry test/lib/backbone.eventbinder.js
225 silly gunzTarPerm extractEntry test/lib/jasmine.js
226 silly gunzTarPerm extractEntry test/lib/jquery.min.js
227 silly gunzTarPerm extractEntry test/lib/require.js
228 silly gunzTarPerm extractEntry test/lib/run-jasmine.js
229 silly gunzTarPerm extractEntry test/lib/jasmine-html.js
230 silly gunzTarPerm extractEntry test/lib/underscore.js
231 silly gunzTarPerm extractEntry test/lib/requirejs-text/text.js
232 silly gunzTarPerm extractEntry test/lib/jasmine.css
233 silly gunzTarPerm extractEntry test/spec/index.js
234 silly gunzTarPerm extractEntry test/spec/app/app.js
235 silly gunzTarPerm extractEntry test/spec/collections/col_spec.js
236 silly gunzTarPerm extractEntry test/spec/models/todo_spec.js
237 silly gunzTarPerm extractEntry tools/generate-test-fixture.js
238 silly gunzTarPerm extractEntry tools/list-complexity.js
239 silly gunzTarPerm extractEntry tools/generate-unicode-regex.py
240 silly gunzTarPerm extractEntry tools/update-coverage.sh
241 verbose read json /Users/savenok/.npm/grunt-autocreationtests/0.0.2/package/package.json
242 silly lockFile dd7bd3de--autocreationtests-0-0-2-package /Users/savenok/.npm/grunt-autocreationtests/0.0.2/package
243 silly lockFile dd7bd3de--autocreationtests-0-0-2-package /Users/savenok/.npm/grunt-autocreationtests/0.0.2/package
244 silly lockFile 6c936bae-ocreationtests-0-0-2-package-tgz /Users/savenok/.npm/grunt-autocreationtests/0.0.2/package.tgz
245 silly lockFile 6c936bae-ocreationtests-0-0-2-package-tgz /Users/savenok/.npm/grunt-autocreationtests/0.0.2/package.tgz
246 verbose from cache /Users/savenok/.npm/grunt-autocreationtests/0.0.2/package/package.json
247 verbose chmod /Users/savenok/.npm/grunt-autocreationtests/0.0.2/package.tgz 644
248 verbose chown /Users/savenok/.npm/grunt-autocreationtests/0.0.2/package.tgz [ 501, 20 ]
249 silly lockFile 3a52ce78- .
250 silly publish { author: { name: 'Denis Savenok' },
250 silly publish   name: 'grunt-autocreationtests',
250 silly publish   description: 'Create tests from js-files for usage in requirejs projects',
250 silly publish   version: '0.0.2',
250 silly publish   homepage: '',
250 silly publish   repository: { type: 'git', url: '' },
250 silly publish   engines: { node: '~0.6.10' },
250 silly publish   scripts: {},
250 silly publish   dependencies:
250 silly publish    { connect: '~2.7.6',
250 silly publish      grunt: '~0.4.1',
250 silly publish      'grunt-contrib-concat': '~0.1.2',
250 silly publish      'grunt-contrib-uglify': '~0.1.1',
250 silly publish      'grunt-contrib-jshint': '~0.1.1',
250 silly publish      'grunt-contrib-nodeunit': '~0.1.2',
250 silly publish      'grunt-contrib-watch': '~0.2.0',
250 silly publish      'grunt-contrib-connect': '~0.3.0',
250 silly publish      'grunt-regarde': '~0.1.1',
250 silly publish      esprima: '',
250 silly publish      utils: '' },
250 silly publish   devDependencies:
250 silly publish    { grunt: '~0.4.1',
250 silly publish      'grunt-exec': '~0.4.0',
250 silly publish      'grunt-contrib-livereload': '~0.1.2',
250 silly publish      'grunt-contrib-clean': '~0.4.1',
250 silly publish      'grunt-contrib-copy': '~0.4.1' },
250 silly publish   readme: '## Grunt autocreationtests task\n\nin progress',
250 silly publish   readmeFilename: 'README.md',
250 silly publish   _id: 'grunt-autocreationtests@0.0.2',
250 silly publish   dist: { shasum: '231ee0a8d0b3aae732f7bb83358fc7142c7a4345' },
250 silly publish   _from: '.' }
251 verbose url raw grunt-autocreationtests
252 verbose url resolving [ 'https://registry.npmjs.org/', './grunt-autocreationtests' ]
253 verbose url resolved https://registry.npmjs.org/grunt-autocreationtests
254 info trying registry request attempt 1 at 17:10:21
255 http PUT https://registry.npmjs.org/grunt-autocreationtests
256 http 409 https://registry.npmjs.org/grunt-autocreationtests
257 verbose url raw grunt-autocreationtests
258 verbose url resolving [ 'https://registry.npmjs.org/', './grunt-autocreationtests' ]
259 verbose url resolved https://registry.npmjs.org/grunt-autocreationtests
260 info trying registry request attempt 1 at 17:10:23
261 http GET https://registry.npmjs.org/grunt-autocreationtests
262 http 200 https://registry.npmjs.org/grunt-autocreationtests
263 error publish fail Cannot publish over existing version.
263 error publish fail Update the 'version' field in package.json and try again.
263 error publish fail
263 error publish fail If the previous version was published in error, see:
263 error publish fail     npm help unpublish
263 error publish fail
263 error publish fail To automatically increment version numbers, see:
263 error publish fail     npm help version
264 error System Darwin 12.2.1
265 error command "node" "/usr/local/bin/npm" "publish"
266 error cwd /Users/savenok/Public/Drop Box/js/proto/grunt-custom-plugins/grunt-autocreationtests
267 error node -v v0.10.7
268 error npm -v 1.2.21
269 error code EPUBLISHCONFLICT
270 verbose exit [ 1, true ]
